2019-05-10 09:56:53.024  INFO 13580 --- [main] c.S.M.MovieBackEndApplication            : Starting MovieBackEndApplication on IBMPF0P6NNP with PID 13580 (E:\p2p\Safaricom\SafaricomHackathon\target\classes started by PMMuthama in E:\p2p\Safaricom\SafaricomHackathon)
2019-05-10 09:56:53.031  INFO 13580 --- [main] c.S.M.MovieBackEndApplication            : No active profile set, falling back to default profiles: default
2019-05-10 09:56:54.751  INFO 13580 --- [main] .s.d.r.c.RepositoryConfigurationDelegate : Bootstrapping Spring Data repositories in DEFAULT mode.
2019-05-10 09:56:54.859  INFO 13580 --- [main] .s.d.r.c.RepositoryConfigurationDelegate : Finished Spring Data repository scanning in 91ms. Found 1 repository interfaces.
2019-05-10 09:56:55.533  INFO 13580 --- [main] trationDelegate$BeanPostProcessorChecker : Bean 'org.springframework.transaction.annotation.ProxyTransactionManagementConfiguration' of type [org.springframework.transaction.annotation.ProxyTransactionManagementConfiguration$$EnhancerBySpringCGLIB$$cf2cc68a] is not eligible for getting processed by all BeanPostProcessors (for example: not eligible for auto-proxying)
2019-05-10 09:56:55.591  INFO 13580 --- [main] trationDelegate$BeanPostProcessorChecker : Bean 'org.springframework.hateoas.config.HateoasConfiguration' of type [org.springframework.hateoas.config.HateoasConfiguration$$EnhancerBySpringCGLIB$$4ead13bc] is not eligible for getting processed by all BeanPostProcessors (for example: not eligible for auto-proxying)
2019-05-10 09:56:56.317  INFO 13580 --- [main] o.s.b.w.embedded.tomcat.TomcatWebServer  : Tomcat initialized with port(s): 8080 (http)
2019-05-10 09:56:56.385  INFO 13580 --- [main] o.apache.catalina.core.StandardService   : Starting service [Tomcat]
2019-05-10 09:56:56.386  INFO 13580 --- [main] org.apache.catalina.core.StandardEngine  : Starting Servlet engine: [Apache Tomcat/9.0.17]
2019-05-10 09:56:56.544  INFO 13580 --- [main] o.a.c.c.C.[Tomcat].[localhost].[/api]    : Initializing Spring embedded WebApplicationContext
2019-05-10 09:56:56.548  INFO 13580 --- [main] o.s.web.context.ContextLoader            : Root WebApplicationContext: initialization completed in 3438 ms
2019-05-10 09:56:56.936  INFO 13580 --- [main] com.zaxxer.hikari.HikariDataSource       : HikariPool-1 - Starting...
2019-05-10 09:56:57.388  INFO 13580 --- [main] com.zaxxer.hikari.HikariDataSource       : HikariPool-1 - Start completed.
2019-05-10 09:56:57.512  INFO 13580 --- [main] o.hibernate.jpa.internal.util.LogHelper  : HHH000204: Processing PersistenceUnitInfo [
	name: default
	...]
2019-05-10 09:56:57.620  INFO 13580 --- [main] org.hibernate.Version                    : HHH000412: Hibernate Core {5.3.9.Final}
2019-05-10 09:56:57.623  INFO 13580 --- [main] org.hibernate.cfg.Environment            : HHH000206: hibernate.properties not found
2019-05-10 09:56:57.819  INFO 13580 --- [main] o.hibernate.annotations.common.Version   : HCANN000001: Hibernate Commons Annotations {5.0.4.Final}
2019-05-10 09:56:57.996  INFO 13580 --- [main] org.hibernate.dialect.Dialect            : HHH000400: Using dialect: org.hibernate.dialect.H2Dialect
2019-05-10 09:56:58.763  INFO 13580 --- [main] o.h.t.schema.internal.SchemaCreatorImpl  : HHH000476: Executing import script 'org.hibernate.tool.schema.internal.exec.ScriptSourceInputNonExistentImpl@427d752b'
2019-05-10 09:56:58.770  INFO 13580 --- [main] j.LocalContainerEntityManagerFactoryBean : Initialized JPA EntityManagerFactory for persistence unit 'default'
2019-05-10 09:56:59.954  WARN 13580 --- [main] aWebConfiguration$JpaWebMvcConfiguration : spring.jpa.open-in-view is enabled by default. Therefore, database queries may be performed during view rendering. Explicitly configure spring.jpa.open-in-view to disable this warning
2019-05-10 09:57:00.632  INFO 13580 --- [main] pertySourcedRequestMappingHandlerMapping : Mapped URL path [/v2/api-docs] onto method [public org.springframework.http.ResponseEntity<springfox.documentation.spring.web.json.Json> springfox.documentation.swagger2.web.Swagger2Controller.getDocumentation(java.lang.String,javax.servlet.http.HttpServletRequest)]
2019-05-10 09:57:00.893  INFO 13580 --- [main] o.s.s.concurrent.ThreadPoolTaskExecutor  : Initializing ExecutorService 'applicationTaskExecutor'
2019-05-10 09:57:01.570  INFO 13580 --- [main] d.s.w.p.DocumentationPluginsBootstrapper : Context refreshed
2019-05-10 09:57:01.617  INFO 13580 --- [main] d.s.w.p.DocumentationPluginsBootstrapper : Found 1 custom documentation plugin(s)
2019-05-10 09:57:01.671  INFO 13580 --- [main] s.d.s.w.s.ApiListingReferenceScanner     : Scanning for api listing references
2019-05-10 09:57:02.110  INFO 13580 --- [main] o.s.b.w.embedded.tomcat.TomcatWebServer  : Tomcat started on port(s): 8080 (http) with context path '/api'
2019-05-10 09:57:02.114  INFO 13580 --- [main] c.S.M.MovieBackEndApplication            : Started MovieBackEndApplication in 10.024 seconds (JVM running for 16.143)
2019-05-10 09:57:38.428  INFO 13580 --- [http-nio-8080-exec-4] o.a.c.c.C.[Tomcat].[localhost].[/api]    : Initializing Spring DispatcherServlet 'dispatcherServlet'
2019-05-10 09:57:38.431  INFO 13580 --- [http-nio-8080-exec-4] o.s.web.servlet.DispatcherServlet        : Initializing Servlet 'dispatcherServlet'
2019-05-10 09:57:38.474  INFO 13580 --- [http-nio-8080-exec-4] o.s.web.servlet.DispatcherServlet        : Completed initialization in 42 ms
2019-05-10 09:57:38.577  INFO 13580 --- [http-nio-8080-exec-4] o.h.h.i.QueryTranslatorFactoryInitiator  : HHH000397: Using ASTQueryTranslatorFactory
2019-05-10 10:13:28.398  INFO 13580 --- [Thread-6] o.s.s.concurrent.ThreadPoolTaskExecutor  : Shutting down ExecutorService 'applicationTaskExecutor'
2019-05-10 10:13:28.403  INFO 13580 --- [Thread-6] j.LocalContainerEntityManagerFactoryBean : Closing JPA EntityManagerFactory for persistence unit 'default'
2019-05-10 10:13:28.404  INFO 13580 --- [Thread-6] .SchemaDropperImpl$DelayedDropActionImpl : HHH000477: Starting delayed evictData of schema as part of SessionFactory shut-down'
2019-05-10 10:13:28.422  INFO 13580 --- [Thread-6] com.zaxxer.hikari.HikariDataSource       : HikariPool-1 - Shutdown initiated...
2019-05-10 10:13:28.434  INFO 13580 --- [Thread-6] com.zaxxer.hikari.HikariDataSource       : HikariPool-1 - Shutdown completed.
2019-05-10 10:13:38.237  INFO 13948 --- [main] c.S.M.MovieBackEndApplication            : Starting MovieBackEndApplication on IBMPF0P6NNP with PID 13948 (E:\p2p\Safaricom\SafaricomHackathon\target\classes started by PMMuthama in E:\p2p\Safaricom\SafaricomHackathon)
2019-05-10 10:13:38.247  INFO 13948 --- [main] c.S.M.MovieBackEndApplication            : No active profile set, falling back to default profiles: default
2019-05-10 10:13:40.099  INFO 13948 --- [main] .s.d.r.c.RepositoryConfigurationDelegate : Bootstrapping Spring Data repositories in DEFAULT mode.
2019-05-10 10:13:40.223  INFO 13948 --- [main] .s.d.r.c.RepositoryConfigurationDelegate : Finished Spring Data repository scanning in 104ms. Found 1 repository interfaces.
2019-05-10 10:13:40.971  INFO 13948 --- [main] trationDelegate$BeanPostProcessorChecker : Bean 'org.springframework.transaction.annotation.ProxyTransactionManagementConfiguration' of type [org.springframework.transaction.annotation.ProxyTransactionManagementConfiguration$$EnhancerBySpringCGLIB$$4ca059b7] is not eligible for getting processed by all BeanPostProcessors (for example: not eligible for auto-proxying)
2019-05-10 10:13:41.020  INFO 13948 --- [main] trationDelegate$BeanPostProcessorChecker : Bean 'org.springframework.hateoas.config.HateoasConfiguration' of type [org.springframework.hateoas.config.HateoasConfiguration$$EnhancerBySpringCGLIB$$cc20a6e9] is not eligible for getting processed by all BeanPostProcessors (for example: not eligible for auto-proxying)
2019-05-10 10:13:41.645  INFO 13948 --- [main] o.s.b.w.embedded.tomcat.TomcatWebServer  : Tomcat initialized with port(s): 8080 (http)
2019-05-10 10:13:41.691  INFO 13948 --- [main] o.apache.catalina.core.StandardService   : Starting service [Tomcat]
2019-05-10 10:13:41.693  INFO 13948 --- [main] org.apache.catalina.core.StandardEngine  : Starting Servlet engine: [Apache Tomcat/9.0.17]
2019-05-10 10:13:41.854  INFO 13948 --- [main] o.a.c.c.C.[Tomcat].[localhost].[/api]    : Initializing Spring embedded WebApplicationContext
2019-05-10 10:13:41.856  INFO 13948 --- [main] o.s.web.context.ContextLoader            : Root WebApplicationContext: initialization completed in 3501 ms
2019-05-10 10:13:42.258  INFO 13948 --- [main] com.zaxxer.hikari.HikariDataSource       : HikariPool-1 - Starting...
2019-05-10 10:13:42.533  INFO 13948 --- [main] com.zaxxer.hikari.HikariDataSource       : HikariPool-1 - Start completed.
2019-05-10 10:13:42.667  INFO 13948 --- [main] o.hibernate.jpa.internal.util.LogHelper  : HHH000204: Processing PersistenceUnitInfo [
	name: default
	...]
2019-05-10 10:13:42.770  INFO 13948 --- [main] org.hibernate.Version                    : HHH000412: Hibernate Core {5.3.9.Final}
2019-05-10 10:13:42.773  INFO 13948 --- [main] org.hibernate.cfg.Environment            : HHH000206: hibernate.properties not found
2019-05-10 10:13:43.017  INFO 13948 --- [main] o.hibernate.annotations.common.Version   : HCANN000001: Hibernate Commons Annotations {5.0.4.Final}
2019-05-10 10:13:43.619  INFO 13948 --- [main] org.hibernate.dialect.Dialect            : HHH000400: Using dialect: org.hibernate.dialect.H2Dialect
2019-05-10 10:13:44.441  INFO 13948 --- [main] o.h.t.schema.internal.SchemaCreatorImpl  : HHH000476: Executing import script 'org.hibernate.tool.schema.internal.exec.ScriptSourceInputNonExistentImpl@11753a09'
2019-05-10 10:13:44.446  INFO 13948 --- [main] j.LocalContainerEntityManagerFactoryBean : Initialized JPA EntityManagerFactory for persistence unit 'default'
2019-05-10 10:13:45.631  WARN 13948 --- [main] aWebConfiguration$JpaWebMvcConfiguration : spring.jpa.open-in-view is enabled by default. Therefore, database queries may be performed during view rendering. Explicitly configure spring.jpa.open-in-view to disable this warning
2019-05-10 10:13:46.431  INFO 13948 --- [main] pertySourcedRequestMappingHandlerMapping : Mapped URL path [/v2/api-docs] onto method [public org.springframework.http.ResponseEntity<springfox.documentation.spring.web.json.Json> springfox.documentation.swagger2.web.Swagger2Controller.getDocumentation(java.lang.String,javax.servlet.http.HttpServletRequest)]
2019-05-10 10:13:46.699  INFO 13948 --- [main] o.s.s.concurrent.ThreadPoolTaskExecutor  : Initializing ExecutorService 'applicationTaskExecutor'
2019-05-10 10:13:47.313  INFO 13948 --- [main] d.s.w.p.DocumentationPluginsBootstrapper : Context refreshed
2019-05-10 10:13:47.358  INFO 13948 --- [main] d.s.w.p.DocumentationPluginsBootstrapper : Found 1 custom documentation plugin(s)
2019-05-10 10:13:47.408  INFO 13948 --- [main] s.d.s.w.s.ApiListingReferenceScanner     : Scanning for api listing references
2019-05-10 10:13:47.677  INFO 13948 --- [main] o.s.b.w.embedded.tomcat.TomcatWebServer  : Tomcat started on port(s): 8080 (http) with context path '/api'
2019-05-10 10:13:47.682  INFO 13948 --- [main] c.S.M.MovieBackEndApplication            : Started MovieBackEndApplication in 10.099 seconds (JVM running for 17.089)
2019-05-10 10:13:57.566  INFO 13948 --- [http-nio-8080-exec-1] o.a.c.c.C.[Tomcat].[localhost].[/api]    : Initializing Spring DispatcherServlet 'dispatcherServlet'
2019-05-10 10:13:57.568  INFO 13948 --- [http-nio-8080-exec-1] o.s.web.servlet.DispatcherServlet        : Initializing Servlet 'dispatcherServlet'
2019-05-10 10:13:57.608  INFO 13948 --- [http-nio-8080-exec-1] o.s.web.servlet.DispatcherServlet        : Completed initialization in 40 ms
2019-05-10 10:14:09.371  INFO 13948 --- [http-nio-8080-exec-3] o.h.h.i.QueryTranslatorFactoryInitiator  : HHH000397: Using ASTQueryTranslatorFactory
2019-05-10 10:28:09.207  INFO 13948 --- [Thread-6] o.s.s.concurrent.ThreadPoolTaskExecutor  : Shutting down ExecutorService 'applicationTaskExecutor'
2019-05-10 10:28:09.214  INFO 13948 --- [Thread-6] j.LocalContainerEntityManagerFactoryBean : Closing JPA EntityManagerFactory for persistence unit 'default'
2019-05-10 10:28:09.215  INFO 13948 --- [Thread-6] .SchemaDropperImpl$DelayedDropActionImpl : HHH000477: Starting delayed evictData of schema as part of SessionFactory shut-down'
2019-05-10 10:28:09.236  INFO 13948 --- [Thread-6] com.zaxxer.hikari.HikariDataSource       : HikariPool-1 - Shutdown initiated...
2019-05-10 10:28:09.264  INFO 13948 --- [Thread-6] com.zaxxer.hikari.HikariDataSource       : HikariPool-1 - Shutdown completed.
2019-05-10 10:28:31.032  INFO 14616 --- [main] c.S.M.MovieBackEndApplication            : Starting MovieBackEndApplication on IBMPF0P6NNP with PID 14616 (E:\p2p\Safaricom\SafaricomHackathon\target\classes started by PMMuthama in E:\p2p\Safaricom\SafaricomHackathon)
2019-05-10 10:28:31.038  INFO 14616 --- [main] c.S.M.MovieBackEndApplication            : No active profile set, falling back to default profiles: default
2019-05-10 10:28:32.964  INFO 14616 --- [main] .s.d.r.c.RepositoryConfigurationDelegate : Bootstrapping Spring Data repositories in DEFAULT mode.
2019-05-10 10:28:33.098  INFO 14616 --- [main] .s.d.r.c.RepositoryConfigurationDelegate : Finished Spring Data repository scanning in 111ms. Found 1 repository interfaces.
2019-05-10 10:28:34.036  INFO 14616 --- [main] trationDelegate$BeanPostProcessorChecker : Bean 'org.springframework.transaction.annotation.ProxyTransactionManagementConfiguration' of type [org.springframework.transaction.annotation.ProxyTransactionManagementConfiguration$$EnhancerBySpringCGLIB$$791fdbeb] is not eligible for getting processed by all BeanPostProcessors (for example: not eligible for auto-proxying)
2019-05-10 10:28:34.131  INFO 14616 --- [main] trationDelegate$BeanPostProcessorChecker : Bean 'org.springframework.hateoas.config.HateoasConfiguration' of type [org.springframework.hateoas.config.HateoasConfiguration$$EnhancerBySpringCGLIB$$f8a0291d] is not eligible for getting processed by all BeanPostProcessors (for example: not eligible for auto-proxying)
2019-05-10 10:28:35.116  INFO 14616 --- [main] o.s.b.w.embedded.tomcat.TomcatWebServer  : Tomcat initialized with port(s): 8080 (http)
2019-05-10 10:28:35.171  INFO 14616 --- [main] o.apache.catalina.core.StandardService   : Starting service [Tomcat]
2019-05-10 10:28:35.173  INFO 14616 --- [main] org.apache.catalina.core.StandardEngine  : Starting Servlet engine: [Apache Tomcat/9.0.17]
2019-05-10 10:28:35.361  INFO 14616 --- [main] o.a.c.c.C.[Tomcat].[localhost].[/api]    : Initializing Spring embedded WebApplicationContext
2019-05-10 10:28:35.364  INFO 14616 --- [main] o.s.web.context.ContextLoader            : Root WebApplicationContext: initialization completed in 4255 ms
2019-05-10 10:28:36.157  INFO 14616 --- [main] com.zaxxer.hikari.HikariDataSource       : HikariPool-1 - Starting...
2019-05-10 10:28:36.906  INFO 14616 --- [main] com.zaxxer.hikari.HikariDataSource       : HikariPool-1 - Start completed.
2019-05-10 10:28:37.117  INFO 14616 --- [main] o.hibernate.jpa.internal.util.LogHelper  : HHH000204: Processing PersistenceUnitInfo [
	name: default
	...]
2019-05-10 10:28:37.330  INFO 14616 --- [main] org.hibernate.Version                    : HHH000412: Hibernate Core {5.3.9.Final}
2019-05-10 10:28:37.335  INFO 14616 --- [main] org.hibernate.cfg.Environment            : HHH000206: hibernate.properties not found
2019-05-10 10:28:37.698  INFO 14616 --- [main] o.hibernate.annotations.common.Version   : HCANN000001: Hibernate Commons Annotations {5.0.4.Final}
2019-05-10 10:28:38.099  INFO 14616 --- [main] org.hibernate.dialect.Dialect            : HHH000400: Using dialect: org.hibernate.dialect.H2Dialect
2019-05-10 10:28:39.237  INFO 14616 --- [main] o.h.t.schema.internal.SchemaCreatorImpl  : HHH000476: Executing import script 'org.hibernate.tool.schema.internal.exec.ScriptSourceInputNonExistentImpl@4279093c'
2019-05-10 10:28:39.241  INFO 14616 --- [main] j.LocalContainerEntityManagerFactoryBean : Initialized JPA EntityManagerFactory for persistence unit 'default'
2019-05-10 10:28:40.700  WARN 14616 --- [main] aWebConfiguration$JpaWebMvcConfiguration : spring.jpa.open-in-view is enabled by default. Therefore, database queries may be performed during view rendering. Explicitly configure spring.jpa.open-in-view to disable this warning
2019-05-10 10:28:41.673  INFO 14616 --- [main] pertySourcedRequestMappingHandlerMapping : Mapped URL path [/v2/api-docs] onto method [public org.springframework.http.ResponseEntity<springfox.documentation.spring.web.json.Json> springfox.documentation.swagger2.web.Swagger2Controller.getDocumentation(java.lang.String,javax.servlet.http.HttpServletRequest)]
2019-05-10 10:28:42.046  INFO 14616 --- [main] o.s.s.concurrent.ThreadPoolTaskExecutor  : Initializing ExecutorService 'applicationTaskExecutor'
2019-05-10 10:28:42.845  INFO 14616 --- [main] .s.s.UserDetailsServiceAutoConfiguration : 

Using generated security password: bb1c1e6c-e42d-43da-b52b-71c038294bd0

2019-05-10 10:28:43.140  INFO 14616 --- [main] o.s.s.web.DefaultSecurityFilterChain     : Creating filter chain: any request, [org.springframework.security.web.context.request.async.WebAsyncManagerIntegrationFilter@16ce3dce, org.springframework.security.web.context.SecurityContextPersistenceFilter@3e450d12, org.springframework.security.web.header.HeaderWriterFilter@6c9e5294, org.springframework.security.web.csrf.CsrfFilter@7c28ab52, org.springframework.security.web.authentication.logout.LogoutFilter@2acd34, org.springframework.security.web.authentication.UsernamePasswordAuthenticationFilter@6b0adf84, org.springframework.security.web.authentication.ui.DefaultLoginPageGeneratingFilter@68ee3b7, org.springframework.security.web.authentication.ui.DefaultLogoutPageGeneratingFilter@3177ce80, org.springframework.security.web.authentication.www.BasicAuthenticationFilter@282b00d2, org.springframework.security.web.savedrequest.RequestCacheAwareFilter@227a63dc, org.springframework.security.web.servletapi.SecurityContextHolderAwareRequestFilter@2c9e92e9, org.springframework.security.web.authentication.AnonymousAuthenticationFilter@422415f9, org.springframework.security.web.session.SessionManagementFilter@929a6f0, org.springframework.security.web.access.ExceptionTranslationFilter@21c30ae2, org.springframework.security.web.access.intercept.FilterSecurityInterceptor@5c858485]
2019-05-10 10:28:43.291  INFO 14616 --- [main] d.s.w.p.DocumentationPluginsBootstrapper : Context refreshed
2019-05-10 10:28:43.341  INFO 14616 --- [main] d.s.w.p.DocumentationPluginsBootstrapper : Found 1 custom documentation plugin(s)
2019-05-10 10:28:43.416  INFO 14616 --- [main] s.d.s.w.s.ApiListingReferenceScanner     : Scanning for api listing references
2019-05-10 10:28:43.714  INFO 14616 --- [main] o.s.b.w.embedded.tomcat.TomcatWebServer  : Tomcat started on port(s): 8080 (http) with context path '/api'
2019-05-10 10:28:43.718  INFO 14616 --- [main] c.S.M.MovieBackEndApplication            : Started MovieBackEndApplication in 13.633 seconds (JVM running for 30.683)
2019-05-10 10:30:37.666  INFO 14616 --- [http-nio-8080-exec-5] o.a.c.c.C.[Tomcat].[localhost].[/api]    : Initializing Spring DispatcherServlet 'dispatcherServlet'
2019-05-10 10:30:37.668  INFO 14616 --- [http-nio-8080-exec-5] o.s.web.servlet.DispatcherServlet        : Initializing Servlet 'dispatcherServlet'
2019-05-10 10:30:37.714  INFO 14616 --- [http-nio-8080-exec-5] o.s.web.servlet.DispatcherServlet        : Completed initialization in 45 ms
2019-05-10 10:33:08.419  INFO 14616 --- [http-nio-8080-exec-5] o.h.h.i.QueryTranslatorFactoryInitiator  : HHH000397: Using ASTQueryTranslatorFactory
